SF:lib/core/network/network_client.dart
DA:35,1
DA:41,3
DA:43,0
LF:3
LH:2
end_of_record
SF:lib/features/todo/data/datasources/todo_remote_data_source_impl.dart
DA:10,1
DA:12,1
DA:14,2
DA:15,1
DA:16,4
DA:19,1
DA:21,3
DA:22,2
DA:25,0
DA:28,0
DA:29,0
DA:32,0
DA:34,0
DA:37,0
DA:39,0
DA:41,0
DA:43,0
LF:17
LH:8
end_of_record
SF:lib/core/sync/sync_manager.dart
DA:31,0
DA:37,0
DA:38,0
DA:43,0
DA:45,0
DA:46,0
DA:47,0
DA:49,0
DA:55,0
DA:56,0
DA:57,0
DA:60,0
DA:63,0
DA:64,0
DA:65,0
DA:69,0
DA:70,0
DA:72,0
DA:73,0
DA:74,0
DA:79,0
DA:82,0
DA:83,0
DA:86,0
DA:87,0
DA:89,0
DA:90,0
DA:92,0
DA:94,0
DA:97,0
DA:98,0
DA:102,0
DA:103,0
DA:104,0
DA:109,0
DA:110,0
DA:111,0
DA:115,0
DA:117,0
DA:119,0
DA:124,0
DA:126,0
DA:127,0
DA:128,0
DA:132,0
DA:133,0
DA:134,0
DA:135,0
DA:138,0
DA:143,0
DA:144,0
DA:145,0
DA:148,0
DA:151,0
DA:153,0
DA:154,0
DA:155,0
DA:156,0
DA:160,0
DA:162,0
DA:163,0
DA:164,0
DA:165,0
DA:172,0
DA:173,0
DA:174,0
DA:175,0
DA:176,0
DA:184,0
DA:188,0
DA:190,0
DA:191,0
DA:193,0
DA:195,0
DA:199,0
DA:200,0
DA:201,0
DA:204,0
DA:205,0
DA:206,0
DA:209,0
DA:210,0
DA:211,0
DA:215,0
DA:217,0
DA:218,0
DA:221,0
DA:223,0
DA:224,0
DA:225,0
DA:226,0
DA:227,0
DA:230,0
DA:233,0
DA:235,0
DA:239,0
DA:240,0
DA:241,0
LF:98
LH:0
end_of_record
SF:lib/features/todo/domain/usecases/create_todo.dart
DA:10,1
DA:12,1
DA:16,2
DA:20,2
DA:21,1
DA:22,1
LF:6
LH:6
end_of_record
SF:lib/features/todo/domain/usecases/update_todo.dart
DA:10,1
DA:12,1
DA:13,3
DA:17,2
LF:4
LH:4
end_of_record
SF:lib/features/todo/domain/usecases/delete_todo.dart
DA:9,1
DA:11,1
DA:12,2
DA:16,2
LF:4
LH:4
end_of_record
SF:lib/features/todo/domain/usecases/get_todos.dart
DA:10,1
DA:12,1
DA:13,2
LF:3
LH:3
end_of_record
SF:lib/features/todo/domain/usecases/watch_todos.dart
DA:8,1
DA:10,1
DA:11,2
LF:3
LH:3
end_of_record
SF:lib/features/todo/domain/usecases/sync_todos.dart
DA:9,1
DA:11,1
DA:12,2
LF:3
LH:3
end_of_record
SF:lib/features/todo/domain/usecases/clear_local_data.dart
DA:9,1
DA:11,1
DA:12,2
LF:3
LH:3
end_of_record
SF:lib/features/todo/domain/entities/todo.dart
DA:18,11
DA:31,1
DA:42,1
DA:43,1
DA:44,0
DA:45,1
DA:46,1
DA:47,1
DA:48,1
DA:49,1
DA:50,1
DA:51,1
DA:55,7
DA:56,7
DA:57,7
DA:58,7
DA:59,7
DA:60,7
DA:61,7
DA:62,7
DA:63,7
DA:64,7
DA:65,7
DA:68,4
DA:70,20
LF:25
LH:24
end_of_record
SF:lib/features/todo/data/models/todo_model.dart
DA:5,5
DA:17,1
DA:18,2
DA:20,9
DA:22,3
DA:24,3
DA:25,0
DA:27,6
DA:29,0
DA:33,3
DA:34,3
DA:35,3
DA:36,3
DA:37,3
DA:38,3
DA:39,3
DA:40,6
DA:41,6
DA:46,0
DA:47,0
DA:48,0
DA:49,0
DA:50,0
DA:51,0
DA:52,0
DA:53,0
DA:54,0
DA:55,0
DA:56,0
DA:60,4
DA:61,4
DA:62,4
DA:63,4
DA:64,4
DA:65,4
DA:66,4
DA:67,4
DA:68,8
DA:69,8
DA:70,4
DA:74,0
DA:75,0
DA:76,0
DA:77,0
DA:78,0
DA:79,0
DA:80,0
DA:81,0
DA:82,0
DA:83,0
DA:84,0
DA:88,1
DA:100,1
DA:101,1
DA:102,1
DA:103,1
DA:104,1
DA:105,1
DA:106,1
DA:107,1
DA:108,1
DA:109,0
LF:62
LH:37
end_of_record
SF:lib/core/database/app_database.g.dart
DA:10,1
DA:13,2
DA:14,1
DA:16,1
DA:21,2
DA:22,1
DA:27,2
DA:28,1
DA:35,2
DA:36,1
DA:39,1
DA:45,2
DA:46,1
DA:50,1
DA:55,2
DA:56,1
DA:63,2
DA:64,1
DA:69,2
DA:70,1
DA:75,2
DA:76,1
DA:80,1
DA:82,1
DA:83,1
DA:84,1
DA:85,1
DA:86,1
DA:87,1
DA:88,1
DA:89,1
DA:90,1
DA:91,1
DA:92,1
DA:94,1
DA:95,2
DA:96,1
DA:99,1
DA:102,1
DA:103,1
DA:104,1
DA:105,1
DA:106,3
DA:108,0
DA:110,1
DA:111,1
DA:112,3
DA:114,0
DA:116,1
DA:117,1
DA:119,2
DA:120,1
DA:122,1
DA:123,1
DA:125,2
DA:126,1
DA:128,1
DA:129,1
DA:130,3
DA:132,1
DA:133,1
DA:134,3
DA:136,1
DA:137,1
DA:138,3
DA:140,0
DA:142,1
DA:143,1
DA:144,3
DA:146,0
DA:148,1
DA:149,1
DA:150,3
DA:155,1
DA:156,1
DA:157,1
DA:159,0
DA:160,1
DA:161,2
DA:162,3
DA:163,2
DA:164,3
DA:165,2
DA:166,3
DA:167,2
DA:168,3
DA:169,2
DA:170,3
DA:171,2
DA:172,3
DA:173,2
DA:174,3
DA:175,2
DA:176,3
DA:177,2
DA:178,3
DA:182,1
DA:184,2
DA:198,1
DA:208,0
DA:210,0
DA:211,0
DA:212,0
DA:213,0
DA:214,0
DA:215,0
DA:216,0
DA:217,0
DA:218,0
DA:219,0
DA:223,0
DA:224,0
DA:225,0
DA:226,0
DA:227,0
DA:228,0
DA:229,0
DA:230,0
DA:231,0
DA:232,0
DA:233,0
DA:237,0
DA:239,0
DA:240,0
DA:241,0
DA:242,0
DA:243,0
DA:244,0
DA:245,0
DA:246,0
DA:247,0
DA:248,0
DA:249,0
DA:252,0
DA:254,0
DA:255,0
DA:256,0
DA:257,0
DA:258,0
DA:259,0
DA:260,0
DA:261,0
DA:262,0
DA:263,0
DA:264,0
DA:268,0
DA:278,0
DA:279,0
DA:280,0
DA:281,0
DA:282,0
DA:283,0
DA:284,0
DA:285,0
DA:286,0
DA:287,0
DA:289,0
DA:290,0
DA:291,0
DA:292,0
DA:294,0
DA:296,0
DA:297,0
DA:298,0
DA:299,0
DA:300,0
DA:301,0
DA:305,0
DA:307,0
DA:308,0
DA:309,0
DA:310,0
DA:311,0
DA:312,0
DA:313,0
DA:314,0
DA:315,0
DA:316,0
DA:317,0
DA:318,0
DA:321,0
DA:322,0
DA:323,0
DA:324,0
DA:327,0
DA:328,0
DA:329,0
DA:330,0
DA:331,0
DA:332,0
DA:333,0
DA:334,0
DA:335,0
DA:336,0
DA:350,15
DA:362,1
DA:373,1
DA:374,1
DA:375,1
DA:376,1
DA:377,0
DA:389,0
DA:390,0
DA:391,0
DA:392,0
DA:393,0
DA:394,0
DA:395,0
DA:396,0
DA:397,0
DA:398,0
DA:399,0
DA:403,0
DA:414,0
DA:415,0
DA:416,0
DA:417,0
DA:418,0
DA:419,0
DA:420,0
DA:421,0
DA:422,0
DA:423,0
DA:424,0
DA:428,1
DA:430,1
DA:431,2
DA:432,4
DA:434,2
DA:435,4
DA:437,2
DA:438,4
DA:440,2
DA:441,4
DA:443,2
DA:444,4
DA:446,2
DA:447,4
DA:449,2
DA:450,4
DA:452,2
DA:453,4
DA:455,2
DA:456,4
DA:458,2
DA:459,0
DA:464,0
DA:466,0
DA:467,0
DA:468,0
DA:469,0
DA:470,0
DA:471,0
DA:472,0
DA:473,0
DA:474,0
DA:475,0
DA:476,0
DA:477,0
DA:478,0
DA:487,1
DA:490,2
DA:491,1
DA:495,2
DA:496,1
DA:498,1
DA:499,3
DA:500,1
DA:501,2
DA:502,1
DA:505,1
DA:509,1
DA:510,1
DA:511,1
DA:512,1
DA:513,3
DA:515,0
DA:517,1
DA:518,1
DA:519,3
DA:521,0
DA:526,1
DA:527,1
DA:528,1
DA:530,0
DA:531,1
DA:532,2
DA:533,3
DA:534,2
DA:535,3
DA:539,1
DA:541,2
DA:549,1
DA:550,0
DA:552,0
DA:553,0
DA:554,0
DA:558,0
DA:559,0
DA:560,0
DA:561,0
DA:565,0
DA:567,0
DA:568,0
DA:569,0
DA:570,0
DA:573,0
DA:575,0
DA:576,0
DA:577,0
DA:578,0
DA:582,0
DA:583,0
DA:584,0
DA:585,0
DA:587,0
DA:588,0
DA:589,0
DA:590,0
DA:594,0
DA:596,0
DA:597,0
DA:598,0
DA:599,0
DA:600,0
DA:603,0
DA:604,0
DA:605,0
DA:608,0
DA:609,0
DA:610,0
DA:617,0
DA:622,1
DA:626,1
DA:627,1
DA:628,0
DA:633,0
DA:634,0
DA:635,0
DA:636,0
DA:640,0
DA:642,0
DA:643,0
DA:644,0
DA:645,0
DA:649,1
DA:651,1
DA:652,2
DA:653,4
DA:655,2
DA:656,4
DA:658,2
DA:659,0
DA:664,0
DA:666,0
DA:667,0
DA:668,0
DA:669,0
DA:670,0
DA:671,0
DA:680,1
DA:683,2
DA:684,1
DA:689,1
DA:692,2
DA:693,1
DA:696,1
DA:697,2
DA:699,2
DA:703,2
DA:704,1
DA:709,2
DA:710,1
DA:717,2
DA:718,1
DA:723,2
DA:724,1
DA:726,1
DA:728,8
DA:729,1
DA:730,2
DA:731,1
DA:734,1
DA:738,1
DA:739,1
DA:740,1
DA:741,0
DA:743,1
DA:744,1
DA:745,3
DA:747,0
DA:749,1
DA:750,1
DA:751,3
DA:753,0
DA:755,1
DA:756,1
DA:758,2
DA:759,1
DA:761,1
DA:762,1
DA:763,3
DA:765,1
DA:766,1
DA:767,3
DA:769,0
DA:774,1
DA:775,1
DA:776,1
DA:778,0
DA:779,1
DA:780,2
DA:781,3
DA:782,2
DA:783,3
DA:784,3
DA:785,1
DA:786,3
DA:787,2
DA:788,3
DA:789,2
DA:790,3
DA:791,2
DA:792,3
DA:793,2
DA:794,3
DA:798,0
DA:800,0
DA:803,2
DA:816,1
DA:824,0
DA:826,0
DA:827,0
DA:828,0
DA:830,0
DA:831,0
DA:833,0
DA:834,0
DA:835,0
DA:836,0
DA:838,0
DA:842,0
DA:843,0
DA:844,0
DA:845,0
DA:846,0
DA:847,0
DA:848,0
DA:849,0
DA:851,0
DA:852,0
DA:856,0
DA:858,0
DA:859,0
DA:860,0
DA:861,0
DA:862,0
DA:863,0
DA:864,0
DA:865,0
DA:866,0
DA:867,0
DA:870,0
DA:872,0
DA:873,0
DA:874,0
DA:875,0
DA:877,0
DA:878,0
DA:879,0
DA:880,0
DA:881,0
DA:885,0
DA:893,0
DA:894,0
DA:895,0
DA:896,0
DA:897,0
DA:898,0
DA:899,0
DA:900,0
DA:902,0
DA:903,0
DA:904,0
DA:905,0
DA:906,0
DA:907,0
DA:909,0
DA:910,0
DA:911,0
DA:915,0
DA:917,0
DA:918,0
DA:919,0
DA:920,0
DA:921,0
DA:922,0
DA:923,0
DA:924,0
DA:925,0
DA:926,0
DA:929,0
DA:930,0
DA:931,0
DA:932,0
DA:935,0
DA:936,0
DA:937,0
DA:938,0
DA:939,0
DA:940,0
DA:941,0
DA:942,0
DA:953,1
DA:962,1
DA:970,1
DA:971,1
DA:972,1
DA:973,1
DA:974,0
DA:983,0
DA:984,0
DA:985,0
DA:986,0
DA:987,0
DA:988,0
DA:989,0
DA:990,0
DA:994,0
DA:1002,0
DA:1003,0
DA:1004,0
DA:1005,0
DA:1006,0
DA:1007,0
DA:1008,0
DA:1009,0
DA:1013,1
DA:1015,1
DA:1016,2
DA:1017,0
DA:1019,2
DA:1020,4
DA:1022,2
DA:1023,2
DA:1024,4
DA:1026,2
DA:1027,4
DA:1029,2
DA:1030,4
DA:1032,2
DA:1033,4
DA:1035,2
DA:1036,4
DA:1041,0
DA:1043,0
DA:1044,0
DA:1045,0
DA:1046,0
DA:1047,0
DA:1048,0
DA:1049,0
DA:1050,0
DA:1051,0
DA:1052,0
DA:1057,2
DA:1058,0
DA:1059,2
DA:1060,2
DA:1061,2
DA:1062,0
DA:1064,0
DA:1065,1
DA:1067,4
DA:1096,0
DA:1103,0
DA:1104,0
DA:1106,0
DA:1107,0
DA:1109,0
DA:1110,0
DA:1112,0
DA:1113,0
DA:1115,0
DA:1116,0
DA:1118,0
DA:1119,0
DA:1121,0
DA:1122,0
DA:1124,0
DA:1125,0
DA:1127,0
DA:1128,0
DA:1133,0
DA:1140,0
DA:1141,0
DA:1143,0
DA:1144,0
DA:1146,0
DA:1147,0
DA:1149,0
DA:1150,0
DA:1152,0
DA:1153,0
DA:1155,0
DA:1156,0
DA:1158,0
DA:1159,0
DA:1161,0
DA:1162,0
DA:1164,0
DA:1165,0
DA:1170,0
DA:1177,0
DA:1178,0
DA:1180,0
DA:1181,0
DA:1183,0
DA:1184,0
DA:1186,0
DA:1187,0
DA:1189,0
DA:1190,0
DA:1192,0
DA:1193,0
DA:1195,0
DA:1196,0
DA:1198,0
DA:1199,0
DA:1201,0
DA:1202,0
DA:1217,0
DA:1218,0
DA:1221,0
DA:1222,0
DA:1223,0
DA:1224,0
DA:1225,0
DA:1226,0
DA:1227,0
DA:1239,0
DA:1251,0
DA:1263,0
DA:1275,0
DA:1276,0
DA:1277,0
DA:1309,0
DA:1316,0
DA:1317,0
DA:1319,0
DA:1320,0
DA:1325,0
DA:1332,0
DA:1333,0
DA:1335,0
DA:1336,0
DA:1341,0
DA:1348,0
DA:1349,0
DA:1351,0
DA:1352,0
DA:1370,0
DA:1371,0
DA:1374,0
DA:1375,0
DA:1376,0
DA:1377,0
DA:1378,0
DA:1379,0
DA:1380,0
DA:1385,0
DA:1390,0
DA:1395,0
DA:1400,0
DA:1401,0
DA:1402,0
DA:1443,0
DA:1450,0
DA:1451,0
DA:1453,0
DA:1454,0
DA:1456,0
DA:1457,0
DA:1458,0
DA:1459,0
DA:1461,0
DA:1462,0
DA:1464,0
DA:1465,0
DA:1467,0
DA:1468,0
DA:1470,0
DA:1471,0
DA:1476,0
DA:1483,0
DA:1484,0
DA:1486,0
DA:1487,0
DA:1489,0
DA:1490,0
DA:1492,0
DA:1493,0
DA:1495,0
DA:1496,0
DA:1498,0
DA:1499,0
DA:1501,0
DA:1502,0
DA:1507,0
DA:1514,0
DA:1515,0
DA:1517,0
DA:1518,0
DA:1520,0
DA:1521,0
DA:1523,0
DA:1524,0
DA:1526,0
DA:1527,0
DA:1529,0
DA:1530,0
DA:1532,0
DA:1533,0
DA:1551,0
DA:1552,0
DA:1555,0
DA:1556,0
DA:1557,0
DA:1558,0
DA:1559,0
DA:1560,0
DA:1561,0
DA:1570,0
DA:1579,0
DA:1588,0
DA:1597,0
DA:1598,0
DA:1599,0
DA:1622,0
DA:1623,0
DA:1624,0
DA:1625,0
DA:1626,0
DA:1627,0
DA:1628,0
LF:745
LH:252
end_of_record
SF:lib/core/database/app_database.dart
DA:13,0
DA:14,0
DA:15,0
DA:16,0
DA:17,0
DA:18,0
DA:19,0
DA:20,0
DA:21,0
DA:23,0
DA:24,0
DA:29,0
DA:30,0
DA:32,0
DA:33,0
DA:41,0
DA:42,0
DA:43,0
DA:44,0
DA:45,0
DA:46,0
DA:47,0
DA:53,2
DA:55,1
DA:60,0
DA:61,0
DA:62,0
DA:63,0
DA:64,0
LF:29
LH:2
end_of_record
SF:lib/core/utils/app_logger.dart
DA:12,6
DA:24,0
DA:25,0
DA:29,0
DA:30,0
DA:34,0
DA:35,0
DA:39,0
DA:40,0
DA:41,0
DA:45,1
DA:46,2
DA:50,0
DA:52,0
DA:53,0
DA:54,0
DA:58,0
DA:59,0
DA:63,1
DA:64,2
DA:68,2
DA:71,6
DA:75,6
DA:80,0
DA:82,0
DA:87,0
DA:89,0
DA:90,0
DA:91,0
LF:29
LH:8
end_of_record
SF:lib/features/todo/data/datasources/todo_local_data_source_impl.dart
DA:10,1
DA:12,1
DA:14,1
DA:15,4
DA:16,4
DA:17,1
DA:18,4
DA:21,1
DA:23,1
DA:24,8
DA:25,1
DA:26,6
DA:29,1
DA:31,3
DA:32,5
DA:33,1
DA:34,1
DA:35,1
DA:36,2
DA:37,2
DA:38,2
DA:39,2
DA:40,1
DA:41,1
DA:42,2
DA:47,1
DA:49,1
DA:50,2
DA:52,3
DA:54,1
DA:57,2
DA:58,5
DA:59,1
DA:60,1
DA:62,1
DA:63,1
DA:66,3
DA:70,1
DA:72,1
DA:73,1
DA:75,3
DA:77,4
DA:78,4
DA:79,1
DA:80,1
DA:82,2
DA:83,1
DA:84,1
DA:86,9
DA:87,1
DA:90,2
DA:95,5
DA:96,1
DA:99,1
DA:100,1
DA:103,2
DA:107,1
DA:109,1
DA:110,3
DA:111,5
DA:112,5
DA:116,1
DA:118,1
DA:119,5
DA:122,1
DA:124,2
DA:125,9
DA:128,1
DA:130,2
DA:131,9
DA:132,1
DA:133,1
DA:134,2
DA:139,1
DA:140,4
DA:141,4
DA:142,1
DA:143,2
DA:146,1
DA:148,1
DA:149,4
DA:150,4
DA:151,1
DA:152,1
DA:155,1
DA:157,2
DA:158,5
DA:159,1
DA:163,1
DA:165,1
DA:166,1
DA:167,9
DA:173,1
DA:174,1
DA:175,1
DA:176,1
DA:177,1
DA:178,1
DA:179,1
DA:180,1
DA:181,1
DA:182,1
DA:183,1
LF:103
LH:103
end_of_record
SF:lib/core/error/failures.dart
DA:7,36
DA:9,1
DA:10,2
DA:15,1
DA:20,0
DA:25,2
DA:30,33
DA:35,0
DA:40,0
DA:45,0
LF:10
LH:6
end_of_record
SF:lib/features/todo/data/models/sync_response_model.dart
DA:8,1
DA:13,1
DA:14,1
DA:15,3
DA:16,1
DA:17,3
DA:18,1
DA:19,1
DA:23,1
DA:24,3
LF:10
LH:10
end_of_record
SF:lib/features/todo/data/repositories/todo_repository_impl.dart
DA:20,1
DA:28,1
DA:32,2
DA:35,2
DA:36,0
DA:39,1
DA:41,3
DA:45,1
DA:47,2
DA:50,1
DA:56,1
DA:57,2
DA:59,1
DA:72,2
DA:75,2
DA:76,2
DA:80,1
DA:82,0
DA:86,0
DA:89,0
DA:90,0
DA:91,0
DA:92,0
DA:93,0
DA:94,0
DA:95,0
DA:96,0
DA:97,0
DA:101,0
DA:103,0
DA:104,0
DA:107,0
DA:109,0
DA:113,0
DA:116,0
DA:118,0
DA:119,0
DA:123,0
DA:127,0
DA:130,0
DA:133,0
DA:137,0
DA:140,0
DA:143,0
LF:44
LH:16
end_of_record
SF:lib/features/todo/presentation/bloc/todo_bloc.dart
DA:25,1
DA:33,2
DA:34,2
DA:35,2
DA:36,2
DA:37,2
DA:38,2
DA:39,2
DA:40,2
DA:41,2
DA:44,1
DA:48,2
DA:49,1
DA:52,2
DA:54,1
DA:55,1
DA:56,3
DA:57,3
DA:59,1
DA:60,3
DA:61,2
DA:66,1
DA:67,5
DA:68,2
DA:72,1
DA:76,1
DA:77,3
DA:78,1
DA:79,1
DA:80,3
DA:82,0
DA:86,1
DA:90,3
DA:92,2
DA:93,1
DA:94,1
DA:97,1
DA:98,0
DA:99,1
DA:100,1
DA:106,0
DA:110,0
DA:112,0
DA:114,0
DA:115,0
DA:116,0
DA:117,0
DA:123,0
DA:127,0
DA:129,0
DA:131,0
DA:132,0
DA:133,0
DA:134,0
DA:140,0
DA:144,0
DA:145,0
DA:148,0
DA:151,1
DA:155,1
DA:156,1
DA:157,2
DA:160,1
DA:162,2
DA:164,1
DA:165,0
DA:166,0
DA:167,0
DA:168,0
DA:170,0
DA:173,1
DA:174,1
DA:175,2
DA:176,3
DA:183,0
DA:187,0
DA:188,0
DA:189,0
DA:190,0
DA:191,0
DA:192,0
DA:193,0
DA:194,0
DA:199,1
DA:201,2
DA:202,1
LF:86
LH:52
end_of_record
SF:lib/features/todo/presentation/bloc/todo_event.dart
DA:5,2
DA:7,0
DA:8,0
DA:19,1
DA:24,0
DA:25,0
DA:32,0
DA:34,0
DA:35,0
DA:42,0
DA:44,0
DA:45,0
DA:52,0
DA:54,0
DA:55,0
DA:65,1
DA:67,0
DA:68,0
LF:18
LH:3
end_of_record
SF:lib/features/todo/presentation/bloc/todo_state.dart
DA:5,2
DA:7,1
DA:8,1
DA:19,1
DA:25,1
DA:29,1
DA:30,1
DA:31,1
DA:35,1
DA:36,3
DA:42,2
DA:44,1
DA:45,2
LF:13
LH:13
end_of_record
